#
# A fatal error has been detected by the Java Runtime Environment:
#
#  SIGSEGV (0xb) at pc=0x00007fd1f50697b4, pid=2993, tid=0x00007fd1d5d08700
#
# JRE version: OpenJDK Runtime Environment (8.0_131-b11) (build 1.8.0_131-8u131-b11-2ubuntu1.16.04.2-b11)
# Java VM: OpenJDK 64-Bit Server VM (25.131-b11 mixed mode linux-amd64 compressed oops)
# Problematic frame:
# v  ~BufferBlob::jni_fast_GetLongField
#
# Failed to write core dump. Core dumps have been disabled. To enable core dumping, try "ulimit -c unlimited" before starting Java again
#
# If you would like to submit a bug report, please visit:
#   http://bugreport.java.com/bugreport/crash.jsp
# The crash happened outside the Java Virtual Machine in native code.
# See problematic frame for where to report the bug.
#

---------------  T H R E A D  ---------------

Current thread (0x00007fd2041df800):  JavaThread "AWT-XAWT" daemon [_thread_in_native, id=3011, stack(0x00007fd1d5c08000,0x00007fd1d5d09000)]

siginfo: si_signo: 11 (SIGSEGV), si_code: 1 (SEGV_MAPERR), si_addr: 0x0000000000000000

Registers:
RAX=0x00007fd20b588040, RBX=0x00007fd2041df9e0, RCX=0x0000000000000000, RDX=0x0000000000000042
RSP=0x00007fd1d5d07818, RBP=0x00007fd1d5d07840, RSI=0x0000000000000000, RDI=0x00007fd2041df9e0
R8 =0x00000000000001f4, R9 =0x0000000000000000, R10=0x000000000000000c, R11=0x00007fd20afef520
R12=0x00007fd1e00d82e0, R13=0x0000000000000000, R14=0x00007fd1d7d2eb00, R15=0x00007fd2041df800
RIP=0x00007fd1f50697b4, EFLAGS=0x0000000000010246, CSGSFS=0x002b000000000033, ERR=0x0000000000000004
  TRAPNO=0x000000000000000e

Top of Stack: (sp=0x00007fd1d5d07818)
0x00007fd1d5d07818:   00007fd1d7b0bf74 00007fd1f4bf6df8
0x00007fd1d5d07828:   00007fd1e00d82e0 00007fd1f4bf6df8
0x00007fd1d5d07838:   00007fd1d5d07928 0000000000000000
0x00007fd1d5d07848:   00007fd1d75ee3c0 00007fd1f4bf6df8
0x00007fd1d5d07858:   00007fd1d5d07880 0000000000000000
0x00007fd1d5d07868:   00007fd1d75e5f93 00007fd1f4bf6df8
0x00007fd1d5d07878:   00007fd1d7b03cef 00007fd1d5d078f0
0x00007fd1d5d07888:   00007fd1f50176f4 00007fd1d5d07970
0x00007fd1d5d07898:   00007fd1f52330bc 00007fd1d5d07970
0x00007fd1d5d078a8:   00007fd1f5236e21 00007fd1d5d078b0
0x00007fd1d5d078b8:   0000000000000000 00007fd1d5d07928
0x00007fd1d5d078c8:   00007fd1f4bfb488 0000000000000000
0x00007fd1d5d078d8:   00007fd1f4bf6df8 0000000000000000
0x00007fd1d5d078e8:   00007fd1d5d07910 00007fd1d5d07970
0x00007fd1d5d078f8:   00007fd1f50077d0 00000000c2a36c68
0x00007fd1d5d07908:   00007fd1f5011240 0000000000000000
0x00007fd1d5d07918:   00007fd1d5d07970 00007fd1d8223810
0x00007fd1d5d07928:   00000000c2aa4b08 00007fd1d5d07930
0x00007fd1d5d07938:   00007fd1f4ba3d3c 00007fd1d5d079b8
0x00007fd1d5d07948:   00007fd1f4bbba30 0000000000000000
0x00007fd1d5d07958:   00007fd1f4ba3e78 00007fd1d5d07910
0x00007fd1d5d07968:   00007fd1d5d079b0 00007fd1d5d07a00
0x00007fd1d5d07978:   00007fd1f5007ffd 0000000000000000
0x00007fd1d5d07988:   00000000c30dfed8 0000000000000000
0x00007fd1d5d07998:   0000000000000000 0000000000000000
0x00007fd1d5d079a8:   00000000c2aa4b08 0000000000000000
0x00007fd1d5d079b8:   00000000c2a7b948 00007fd1d5d079c0
0x00007fd1d5d079c8:   00007fd1f4ba3b7d 00007fd1d5d07a10
0x00007fd1d5d079d8:   00007fd1f4bbba30 0000000000000000
0x00007fd1d5d079e8:   00007fd1f4ba3b88 00007fd1d5d079b0
0x00007fd1d5d079f8:   00007fd1d5d07a10 00007fd1d5d07a58
0x00007fd1d5d07a08:   00007fd1f5008042 00000000c2a7b948 

Instructions: (pc=0x00007fd1f50697b4)
0x00007fd1f5069794:   00 00 00 00 00 00 00 00 00 00 00 00 44 8b 15 2d
0x00007fd1f50697a4:   b4 54 16 4c 8b ce 41 f6 c2 01 0f 85 1c 00 00 00
0x00007fd1f50697b4:   4d 8b 09 4c 8b da 49 c1 eb 02 4b 8b 04 19 44 3b
0x00007fd1f50697c4:   15 0b b4 54 16 0f 85 01 00 00 00 c3 e9 fb 9c c9 

Register to memory mapping:

RAX=0x00007fd20b588040: <offset 0xef7040> in /usr/lib/jvm/java-8-openjdk-amd64/jre/lib/amd64/server/libjvm.so at 0x00007fd20a691000
RBX=0x00007fd2041df9e0 is an unknown value
RCX=0x0000000000000000 is an unknown value
RDX=0x0000000000000042 is an unknown value
RSP=0x00007fd1d5d07818 is pointing into the stack for thread: 0x00007fd2041df800
RBP=0x00007fd1d5d07840 is pointing into the stack for thread: 0x00007fd2041df800
RSI=0x0000000000000000 is an unknown value
RDI=0x00007fd2041df9e0 is an unknown value
R8 =0x00000000000001f4 is an unknown value
R9 =0x0000000000000000 is an unknown value
R10=0x000000000000000c is an unknown value
R11=0x00007fd20afef520: <offset 0x95e520> in /usr/lib/jvm/java-8-openjdk-amd64/jre/lib/amd64/server/libjvm.so at 0x00007fd20a691000
R12=0x00007fd1e00d82e0 is an unknown value
R13=0x0000000000000000 is an unknown value
R14=0x00007fd1d7d2eb00: <offset 0x258b00> in /usr/lib/jvm/java-8-openjdk-amd64/jre/lib/amd64/libawt_xawt.so at 0x00007fd1d7ad6000
R15=0x00007fd2041df800 is a thread


Stack: [0x00007fd1d5c08000,0x00007fd1d5d09000],  sp=0x00007fd1d5d07818,  free space=1022k
Native frames: (J=compiled Java code, j=interpreted, Vv=VM code, C=native code)
v  ~BufferBlob::jni_fast_GetLongField
C  [libX11.so.6+0x643c0]  _XimServerDestroy+0x70

Java frames: (J=compiled Java code, j=interpreted, Vv=VM code)
j  sun.awt.X11.XlibWrapper.XFilterEvent(JJ)Z+0
j  sun.awt.X11.XToolkit.run(Z)V+300
j  sun.awt.X11.XToolkit.run()V+5
j  java.lang.Thread.run()V+11
v  ~StubRoutines::call_stub

---------------  P R O C E S S  ---------------

Java Threads: ( => current thread )
  0x00007fd1e00cb800 JavaThread "TimerQueue" daemon [_thread_blocked, id=3015, stack(0x00007fd1d1ab9000,0x00007fd1d1bba000)]
  0x00007fd20400a000 JavaThread "DestroyJavaVM" [_thread_blocked, id=2995, stack(0x00007fd20c2ec000,0x00007fd20c3ed000)]
  0x00007fd2041e5800 JavaThread "AWT-EventQueue-0" [_thread_blocked, id=3013, stack(0x00007fd1d5a06000,0x00007fd1d5b07000)]
  0x00007fd2041e4000 JavaThread "AWT-Shutdown" [_thread_blocked, id=3012, stack(0x00007fd1d5b07000,0x00007fd1d5c08000)]
=>0x00007fd2041df800 JavaThread "AWT-XAWT" daemon [_thread_in_native, id=3011, stack(0x00007fd1d5c08000,0x00007fd1d5d09000)]
  0x00007fd2041c2800 JavaThread "Java2D Disposer" daemon [_thread_blocked, id=3010, stack(0x00007fd1d6119000,0x00007fd1d621a000)]
  0x00007fd2040a8800 JavaThread "Service Thread" daemon [_thread_blocked, id=3008, stack(0x00007fd1f4225000,0x00007fd1f4326000)]
  0x00007fd2040a5800 JavaThread "C1 CompilerThread1" daemon [_thread_blocked, id=3007, stack(0x00007fd1f4326000,0x00007fd1f4427000)]
  0x00007fd2040a3800 JavaThread "C2 CompilerThread0" daemon [_thread_blocked, id=3006, stack(0x00007fd1f4427000,0x00007fd1f4528000)]
  0x00007fd2040a1800 JavaThread "Signal Dispatcher" daemon [_thread_in_native, id=3005, stack(0x00007fd208021000,0x00007fd208122000)]
  0x00007fd20407a000 JavaThread "Finalizer" daemon [_thread_blocked, id=3004, stack(0x00007fd208122000,0x00007fd208223000)]
  0x00007fd204075800 JavaThread "Reference Handler" daemon [_thread_blocked, id=3003, stack(0x00007fd208223000,0x00007fd208324000)]

Other Threads:
  0x00007fd20406e000 VMThread [stack: 0x00007fd208324000,0x00007fd208425000] [id=3002]
  0x00007fd2040b8000 WatcherThread [stack: 0x00007fd1f4124000,0x00007fd1f4225000] [id=3009]

VM state:not at safepoint (normal execution)

VM Mutex/Monitor currently owned by a thread: None

Heap:
 def new generation   total 19008K, used 10132K [0x00000000c2800000, 0x00000000c3ca0000, 0x00000000d7000000)
  eden space 16896K,  59% used [0x00000000c2800000, 0x00000000c31e5140, 0x00000000c3880000)
  from space 2112K,   0% used [0x00000000c3880000, 0x00000000c3880000, 0x00000000c3a90000)
  to   space 2112K,   0% used [0x00000000c3a90000, 0x00000000c3a90000, 0x00000000c3ca0000)
 tenured generation   total 42368K, used 0K [0x00000000d7000000, 0x00000000d9960000, 0x0000000100000000)
   the space 42368K,   0% used [0x00000000d7000000, 0x00000000d7000000, 0x00000000d7000200, 0x00000000d9960000)
 Metaspace       used 13087K, capacity 13286K, committed 13440K, reserved 1060864K
  class space    used 1536K, capacity 1618K, committed 1664K, reserved 1048576K

Card table byte_map: [0x00007fd2087b2000,0x00007fd20899f000] byte_map_base: 0x00007fd20819e000

Polling page: 0x00007fd20c407000

CodeCache: size=245760Kb used=2391Kb max_used=2402Kb free=243368Kb
 bounds [0x00007fd1f5000000, 0x00007fd1f5270000, 0x00007fd204000000]
 total_blobs=1194 nmethods=565 adapters=544
 compilation: enabled

Compilation events (10 events):
Event: 49.266 Thread 0x00007fd2040a5800  560   !   3       sun.awt.X11.XToolkit::getNextTaskTime (55 bytes)
Event: 49.267 Thread 0x00007fd2040a5800 nmethod 560 0x00007fd1f52540d0 code [0x00007fd1f5254300, 0x00007fd1f5255048]
Event: 787.830 Thread 0x00007fd2040a3800  562       4       java.util.concurrent.locks.AbstractQueuedSynchronizer::release (33 bytes)
Event: 787.834 Thread 0x00007fd2040a3800 nmethod 562 0x00007fd1f52582d0 code [0x00007fd1f5258420, 0x00007fd1f5258528]
Event: 802.362 Thread 0x00007fd2040a3800  563       4       java.util.concurrent.locks.ReentrantLock$NonfairSync::lock (25 bytes)
Event: 802.368 Thread 0x00007fd2040a3800 nmethod 563 0x00007fd1f5256910 code [0x00007fd1f5256a80, 0x00007fd1f5256c08]
Event: 931.188 Thread 0x00007fd2040a3800  564       4       sun.awt.SunToolkit::awtUnlock (7 bytes)
Event: 931.192 Thread 0x00007fd2040a3800 nmethod 564 0x00007fd1f5256550 code [0x00007fd1f52566a0, 0x00007fd1f5256788]
Event: 1080.536 Thread 0x00007fd2040a3800  565       4       sun.awt.X11.XToolkit::getDisplay (20 bytes)
Event: 1080.537 Thread 0x00007fd2040a3800 nmethod 565 0x00007fd1f5256350 code [0x00007fd1f5256480, 0x00007fd1f52564d8]

GC Heap History (0 events):
No events

Deoptimization events (4 events):
Event: 0.871 Thread 0x00007fd2041e5800 Uncommon trap: reason=unstable_if action=reinterpret pc=0x00007fd1f51c8e0c method=sun.awt.image.ByteInterleavedRaster.putByteData(IIII[B)V @ 395
Event: 3.010 Thread 0x00007fd2041e5800 Uncommon trap: reason=class_check action=maybe_recompile pc=0x00007fd1f516a4b0 method=java.lang.String.equals(Ljava/lang/Object;)Z @ 8
Event: 3.010 Thread 0x00007fd2041e5800 Uncommon trap: reason=class_check action=maybe_recompile pc=0x00007fd1f516a4b0 method=java.lang.String.equals(Ljava/lang/Object;)Z @ 8
Event: 3.010 Thread 0x00007fd2041e5800 Uncommon trap: reason=class_check action=maybe_recompile pc=0x00007fd1f516a4b0 method=java.lang.String.equals(Ljava/lang/Object;)Z @ 8

Internal exceptions (10 events):
Event: 0.251 Thread 0x00007fd20400a000 Exception <a 'java/security/PrivilegedActionException'> (0x00000000c2881ca0) thrown at [/build/openjdk-8-aSS7v6/openjdk-8-8u131-b11/src/hotspot/src/share/vm/prims/jvm.cpp, line 1390]
Event: 0.251 Thread 0x00007fd20400a000 Exception <a 'java/security/PrivilegedActionException'> (0x00000000c2881eb0) thrown at [/build/openjdk-8-aSS7v6/openjdk-8-8u131-b11/src/hotspot/src/share/vm/prims/jvm.cpp, line 1390]
Event: 0.368 Thread 0x00007fd20400a000 Exception <a 'java/lang/NoSuchFieldError': method resolution failed> (0x00000000c29a3930) thrown at [/build/openjdk-8-aSS7v6/openjdk-8-8u131-b11/src/hotspot/src/share/vm/prims/methodHandles.cpp, line 1146]
Event: 0.381 Thread 0x00007fd20400a000 Exception <a 'java/lang/NoSuchFieldError': method resolution failed> (0x00000000c29b1148) thrown at [/build/openjdk-8-aSS7v6/openjdk-8-8u131-b11/src/hotspot/src/share/vm/prims/methodHandles.cpp, line 1146]
Event: 0.469 Thread 0x00007fd20400a000 Exception <a 'java/io/FileNotFoundException'> (0x00000000c2a304f8) thrown at [/build/openjdk-8-aSS7v6/openjdk-8-8u131-b11/src/hotspot/src/share/vm/prims/jni.cpp, line 709]
Event: 0.470 Thread 0x00007fd20400a000 Exception <a 'java/io/FileNotFoundException'> (0x00000000c2a30f40) thrown at [/build/openjdk-8-aSS7v6/openjdk-8-8u131-b11/src/hotspot/src/share/vm/prims/jni.cpp, line 709]
Event: 0.494 Thread 0x00007fd20400a000 Exception <a 'java/lang/ClassNotFoundException': sun/dc/DuctusRenderingEngine> (0x00000000c2a3c770) thrown at [/build/openjdk-8-aSS7v6/openjdk-8-8u131-b11/src/hotspot/src/share/vm/classfile/systemDictionary.cpp, line 210]
Event: 0.971 Thread 0x00007fd2041e5800 Implicit null exception at 0x00007fd1f51fe704 to 0x00007fd1f51ffc60
Event: 0.971 Thread 0x00007fd2041e5800 Exception <a 'java/lang/NullPointerException'> (0x00000000c3034b50) thrown at [/build/openjdk-8-aSS7v6/openjdk-8-8u131-b11/src/hotspot/src/share/vm/runtime/sharedRuntime.cpp, line 605]
Event: 1.565 Thread 0x00007fd2041e5800 Exception <a 'java/lang/UnsupportedOperationException': > (0x00000000c31a74b8) thrown at [/build/openjdk-8-aSS7v6/openjdk-8-8u131-b11/src/hotspot/src/share/vm/prims/jni.cpp, line 735]

Events (10 events):
Event: 3.032 loading class java/awt/EventQueue$1AWTInvocationLock
Event: 3.032 loading class java/awt/EventQueue$1AWTInvocationLock done
Event: 3.032 loading class java/awt/LightweightDispatcher$2
Event: 3.032 loading class java/awt/LightweightDispatcher$2 done
Event: 3.053 loading class java/awt/Component$FlipBufferStrategy
Event: 3.053 loading class java/awt/Component$FlipBufferStrategy done
Event: 3.053 Thread 0x00007fd1e007e800 Thread exited: 0x00007fd1e007e800
Event: 4.214 Executing VM operation: EnableBiasedLocking
Event: 4.214 Executing VM operation: EnableBiasedLocking done
Event: 6.106 Thread 0x00007fd1ec0a4000 Thread exited: 0x00007fd1ec0a4000


Dynamic libraries:
00400000-00401000 r-xp 00000000 08:01 1456555                            /usr/lib/jvm/java-8-openjdk-amd64/jre/bin/java (deleted)
00600000-00601000 r--p 00000000 08:01 1456555                            /usr/lib/jvm/java-8-openjdk-amd64/jre/bin/java (deleted)
00601000-00602000 rw-p 00001000 08:01 1456555                            /usr/lib/jvm/java-8-openjdk-amd64/jre/bin/java (deleted)
0146f000-01490000 rw-p 00000000 00:00 0                                  [heap]
c2800000-c3ca0000 rw-p 00000000 00:00 0 
c3ca0000-d7000000 ---p 00000000 00:00 0 
d7000000-d9960000 rw-p 00000000 00:00 0 
d9960000-100000000 ---p 00000000 00:00 0 
100000000-1001a0000 rw-p 00000000 00:00 0 
1001a0000-140000000 ---p 00000000 00:00 0 
7fd1d17b8000-7fd1d1938000 rw-p 00000000 00:00 0 
7fd1d1938000-7fd1d19bb000 ---p 00000000 00:00 0 
7fd1d19bb000-7fd1d1ab9000 rw-p 00000000 00:00 0 
7fd1d1ab9000-7fd1d1abc000 ---p 00000000 00:00 0 
7fd1d1abc000-7fd1d1bba000 rw-p 00000000 00:00 0 
7fd1d1bba000-7fd1d4842000 r-xp 00000000 08:01 1337751                    /home/kibahero2802/Desktop/opencv-3.2.0/build/lib/libopencv_java320.so
7fd1d4842000-7fd1d4a41000 ---p 02c88000 08:01 1337751                    /home/kibahero2802/Desktop/opencv-3.2.0/build/lib/libopencv_java320.so
7fd1d4a41000-7fd1d4a67000 r--p 02c87000 08:01 1337751                    /home/kibahero2802/Desktop/opencv-3.2.0/build/lib/libopencv_java320.so
7fd1d4a67000-7fd1d4ace000 rw-p 02cad000 08:01 1337751                    /home/kibahero2802/Desktop/opencv-3.2.0/build/lib/libopencv_java320.so
7fd1d4ace000-7fd1d4d75000 rw-p 00000000 00:00 0 
7fd1d4d75000-7fd1d4d78000 ---p 00000000 00:00 0 
7fd1d4d78000-7fd1d4e76000 rw-p 00000000 00:00 0 
7fd1d4e76000-7fd1d4ecd000 r-xp 00000000 08:01 1322362                    /usr/lib/x86_64-linux-gnu/libjpeg.so.8.0.2
7fd1d4ecd000-7fd1d50cd000 ---p 00057000 08:01 1322362                    /usr/lib/x86_64-linux-gnu/libjpeg.so.8.0.2
7fd1d50cd000-7fd1d50ce000 r--p 00057000 08:01 1322362                    /usr/lib/x86_64-linux-gnu/libjpeg.so.8.0.2
7fd1d50ce000-7fd1d50cf000 rw-p 00058000 08:01 1322362                    /usr/lib/x86_64-linux-gnu/libjpeg.so.8.0.2
7fd1d50cf000-7fd1d50d9000 r-xp 00000000 08:01 1456522                    /usr/lib/jvm/java-8-openjdk-amd64/jre/lib/amd64/libjavajpeg.so (deleted)
7fd1d50d9000-7fd1d52d8000 ---p 0000a000 08:01 1456522                    /usr/lib/jvm/java-8-openjdk-amd64/jre/lib/amd64/libjavajpeg.so (deleted)
7fd1d52d8000-7fd1d52d9000 r--p 00009000 08:01 1456522                    /usr/lib/jvm/java-8-openjdk-amd64/jre/lib/amd64/libjavajpeg.so (deleted)
7fd1d52d9000-7fd1d52da000 rw-p 0000a000 08:01 1456522                    /usr/lib/jvm/java-8-openjdk-amd64/jre/lib/amd64/libjavajpeg.so (deleted)
7fd1d52da000-7fd1d55db000 rw-p 00000000 00:00 0 
7fd1d55db000-7fd1d55f2000 r-xp 00000000 08:01 1456509                    /usr/lib/jvm/java-8-openjdk-amd64/jre/lib/amd64/libnet.so (deleted)
7fd1d55f2000-7fd1d57f1000 ---p 00017000 08:01 1456509                    /usr/lib/jvm/java-8-openjdk-amd64/jre/lib/amd64/libnet.so (deleted)
7fd1d57f1000-7fd1d57f2000 r--p 00016000 08:01 1456509                    /usr/lib/jvm/java-8-openjdk-amd64/jre/lib/amd64/libnet.so (deleted)
7fd1d57f2000-7fd1d57f3000 rw-p 00017000 08:01 1456509                    /usr/lib/jvm/java-8-openjdk-amd64/jre/lib/amd64/libnet.so (deleted)
7fd1d57f3000-7fd1d5804000 r-xp 00000000 08:01 1456523                    /usr/lib/jvm/java-8-openjdk-amd64/jre/lib/amd64/libnio.so (deleted)
7fd1d5804000-7fd1d5a04000 ---p 00011000 08:01 1456523                    /usr/lib/jvm/java-8-openjdk-amd64/jre/lib/amd64/libnio.so (deleted)
7fd1d5a04000-7fd1d5a05000 r--p 00011000 08:01 1456523                    /usr/lib/jvm/java-8-openjdk-amd64/jre/lib/amd64/libnio.so (deleted)
7fd1d5a05000-7fd1d5a06000 rw-p 00012000 08:01 1456523                    /usr/lib/jvm/java-8-openjdk-amd64/jre/lib/amd64/libnio.so (deleted)
7fd1d5a06000-7fd1d5a09000 ---p 00000000 00:00 0 
7fd1d5a09000-7fd1d5b07000 rw-p 00000000 00:00 0 
7fd1d5b07000-7fd1d5b0a000 ---p 00000000 00:00 0 
7fd1d5b0a000-7fd1d5c08000 rw-p 00000000 00:00 0 
7fd1d5c08000-7fd1d5c0b000 ---p 00000000 00:00 0 
7fd1d5c0b000-7fd1d5d09000 rw-p 00000000 00:00 0 
7fd1d5d09000-7fd1d5d0e000 r-xp 00000000 08:01 1321630                    /usr/lib/x86_64-linux-gnu/libXfixes.so.3.1.0
7fd1d5d0e000-7fd1d5f0d000 ---p 00005000 08:01 1321630                    /usr/lib/x86_64-linux-gnu/libXfixes.so.3.1.0
7fd1d5f0d000-7fd1d5f0e000 r--p 00004000 08:01 1321630                    /usr/lib/x86_64-linux-gnu/libXfixes.so.3.1.0
7fd1d5f0e000-7fd1d5f0f000 rw-p 00005000 08:01 1321630                    /usr/lib/x86_64-linux-gnu/libXfixes.so.3.1.0
7fd1d5f0f000-7fd1d5f18000 r-xp 00000000 08:01 1321622                    /usr/lib/x86_64-linux-gnu/libXcursor.so.1.0.2
7fd1d5f18000-7fd1d6117000 ---p 00009000 08:01 1321622                    /usr/lib/x86_64-linux-gnu/libXcursor.so.1.0.2
7fd1d6117000-7fd1d6118000 r--p 00008000 08:01 1321622                    /usr/lib/x86_64-linux-gnu/libXcursor.so.1.0.2
7fd1d6118000-7fd1d6119000 rw-p 00009000 08:01 1321622                    /usr/lib/x86_64-linux-gnu/libXcursor.so.1.0.2
7fd1d6119000-7fd1d611c000 ---p 00000000 00:00 0 
7fd1d611c000-7fd1d621a000 rw-p 00000000 00:00 0 
7fd1d621a000-7fd1d623e000 r-xp 00000000 08:01 267722                     /lib/x86_64-linux-gnu/libpng12.so.0.54.0
7fd1d623e000-7fd1d643d000 ---p 00024000 08:01 267722                     /lib/x86_64-linux-gnu/libpng12.so.0.54.0
7fd1d643d000-7fd1d643e000 r--p 00023000 08:01 267722                     /lib/x86_64-linux-gnu/libpng12.so.0.54.0
7fd1d643e000-7fd1d643f000 rw-p 00024000 08:01 267722                     /lib/x86_64-linux-gnu/libpng12.so.0.54.0
7fd1d643f000-7fd1d64e3000 r-xp 00000000 08:01 1311053                    /usr/lib/x86_64-linux-gnu/libfreetype.so.6.12.1
7fd1d64e3000-7fd1d66e2000 ---p 000a4000 08:01 1311053                    /usr/lib/x86_64-linux-gnu/libfreetype.so.6.12.1
7fd1d66e2000-7fd1d66e8000 r--p 000a3000 08:01 1311053                    /usr/lib/x86_64-linux-gnu/libfreetype.so.6.12.1
7fd1d66e8000-7fd1d66e9000 rw-p 000a9000 08:01 1311053                    /usr/lib/x86_64-linux-gnu/libfreetype.so.6.12.1
7fd1d66e9000-7fd1d673b000 r-xp 00000000 08:01 1456530                    /usr/lib/jvm/java-8-openjdk-amd64/jre/lib/amd64/libfontmanager.so (deleted)
7fd1d673b000-7fd1d693b000 ---p 00052000 08:01 1456530                    /usr/lib/jvm/java-8-openjdk-amd64/jre/lib/amd64/libfontmanager.so (deleted)
7fd1d693b000-7fd1d693d000 r--p 00052000 08:01 1456530                    /usr/lib/jvm/java-8-openjdk-amd64/jre/lib/amd64/libfontmanager.so (deleted)
7fd1d693d000-7fd1d693e000 rw-p 00054000 08:01 1456530                    /usr/lib/jvm/java-8-openjdk-amd64/jre/lib/amd64/libfontmanager.so (deleted)
7fd1d693e000-7fd1d6943000 r-xp 00000000 08:01 1321626                    /usr/lib/x86_64-linux-gnu/libXdmcp.so.6.0.0
7fd1d6943000-7fd1d6b42000 ---p 00005000 08:01 1321626                    /usr/lib/x86_64-linux-gnu/libXdmcp.so.6.0.0
7fd1d6b42000-7fd1d6b43000 r--p 00004000 08:01 1321626                    /usr/lib/x86_64-linux-gnu/libXdmcp.so.6.0.0
7fd1d6b43000-7fd1d6b44000 rw-p 00005000 08:01 1321626                    /usr/lib/x86_64-linux-gnu/libXdmcp.so.6.0.0
7fd1d6b44000-7fd1d6b46000 r-xp 00000000 08:01 1321615                    /usr/lib/x86_64-linux-gnu/libXau.so.6.0.0
7fd1d6b46000-7fd1d6d46000 ---p 00002000 08:01 1321615                    /usr/lib/x86_64-linux-gnu/libXau.so.6.0.0
7fd1d6d46000-7fd1d6d47000 r--p 00002000 08:01 1321615                    /usr/lib/x86_64-linux-gnu/libXau.so.6.0.0
7fd1d6d47000-7fd1d6d48000 rw-p 00003000 08:01 1321615                    /usr/lib/x86_64-linux-gnu/libXau.so.6.0.0
7fd1d6d48000-7fd1d6d69000 r-xp 00000000 08:01 1323024                    /usr/lib/x86_64-linux-gnu/libxcb.so.1.1.0
7fd1d6d69000-7fd1d6f68000 ---p 00021000 08:01 1323024                    /usr/lib/x86_64-linux-gnu/libxcb.so.1.1.0
7fd1d6f68000-7fd1d6f69000 r--p 00020000 08:01 1323024                    /usr/lib/x86_64-linux-gnu/libxcb.so.1.1.0
7fd1d6f69000-7fd1d6f6a000 rw-p 00021000 08:01 1323024                    /usr/lib/x86_64-linux-gnu/libxcb.so.1.1.0
7fd1d6f6a000-7fd1d6f79000 r-xp 00000000 08:01 1321636                    /usr/lib/x86_64-linux-gnu/libXi.so.6.1.0
7fd1d6f79000-7fd1d7178000 ---p 0000f000 08:01 1321636                    /usr/lib/x86_64-linux-gnu/libXi.so.6.1.0
7fd1d7178000-7fd1d7179000 r--p 0000e000 08:01 1321636                    /usr/lib/x86_64-linux-gnu/libXi.so.6.1.0
7fd1d7179000-7fd1d717a000 rw-p 0000f000 08:01 1321636                    /usr/lib/x86_64-linux-gnu/libXi.so.6.1.0
7fd1d717a000-7fd1d717f000 r-xp 00000000 08:01 1321654                    /usr/lib/x86_64-linux-gnu/libXtst.so.6.1.0
7fd1d717f000-7fd1d737e000 ---p 00005000 08:01 1321654                    /usr/lib/x86_64-linux-gnu/libXtst.so.6.1.0
7fd1d737e000-7fd1d737f000 r--p 00004000 08:01 1321654                    /usr/lib/x86_64-linux-gnu/libXtst.so.6.1.0
7fd1d737f000-7fd1d7380000 rw-p 00005000 08:01 1321654                    /usr/lib/x86_64-linux-gnu/libXtst.so.6.1.0
7fd1d7380000-7fd1d7389000 r-xp 00000000 08:01 1321648                    /usr/lib/x86_64-linux-gnu/libXrender.so.1.3.0
7fd1d7389000-7fd1d7588000 ---p 00009000 08:01 1321648                    /usr/lib/x86_64-linux-gnu/libXrender.so.1.3.0
7fd1d7588000-7fd1d7589000 r--p 00008000 08:01 1321648                    /usr/lib/x86_64-linux-gnu/libXrender.so.1.3.0
7fd1d7589000-7fd1d758a000 rw-p 00009000 08:01 1321648                    /usr/lib/x86_64-linux-gnu/libXrender.so.1.3.0
7fd1d758a000-7fd1d76bf000 r-xp 00000000 08:01 1321611                    /usr/lib/x86_64-linux-gnu/libX11.so.6.3.0
7fd1d76bf000-7fd1d78bf000 ---p 00135000 08:01 1321611                    /usr/lib/x86_64-linux-gnu/libX11.so.6.3.0
7fd1d78bf000-7fd1d78c0000 r--p 00135000 08:01 1321611                    /usr/lib/x86_64-linux-gnu/libX11.so.6.3.0
7fd1d78c0000-7fd1d78c4000 rw-p 00136000 08:01 1321611                    /usr/lib/x86_64-linux-gnu/libX11.so.6.3.0
7fd1d78c4000-7fd1d78d5000 r-xp 00000000 08:01 1321628                    /usr/lib/x86_64-linux-gnu/libXext.so.6.4.0
7fd1d78d5000-7fd1d7ad4000 ---p 00011000 08:01 1321628                    /usr/lib/x86_64-linux-gnu/libXext.so.6.4.0
7fd1d7ad4000-7fd1d7ad5000 r--p 00010000 08:01 1321628                    /usr/lib/x86_64-linux-gnu/libXext.so.6.4.0
7fd1d7ad5000-7fd1d7ad6000 rw-p 00011000 08:01 1321628                    /usr/lib/x86_64-linux-gnu/libXext.so.6.4.0
7fd1d7ad6000-7fd1d7b2a000 r-xp 00000000 08:01 1456512                    /usr/lib/jvm/java-8-openjdk-amd64/jre/lib/amd64/libawt_xawt.so (deleted)
7fd1d7b2a000-7fd1d7d2a000 ---p 00054000 08:01 1456512                    /usr/lib/jvm/java-8-openjdk-amd64/jre/lib/amd64/libawt_xawt.so (deleted)
7fd1d7d2a000-7fd1d7d2b000 r--p 00054000 08:01 1456512                    /usr/lib/jvm/java-8-openjdk-amd64/jre/lib/amd64/libawt_xawt.so (deleted)
7fd1d7d2b000-7fd1d7d2e000 rw-p 00055000 08:01 1456512                    /usr/lib/jvm/java-8-openjdk-amd64/jre/lib/amd64/libawt_xawt.so (deleted)
7fd1d7d2e000-7fd1d7d2f000 rw-p 00000000 00:00 0 
7fd1d7d2f000-7fd1d7dcf000 r-xp 00000000 08:01 1456504                    /usr/lib/jvm/java-8-openjdk-amd64/jre/lib/amd64/libawt.so (deleted)
7fd1d7dcf000-7fd1d7fcf000 ---p 000a0000 08:01 1456504                    /usr/lib/jvm/java-8-openjdk-amd64/jre/lib/amd64/libawt.so (deleted)
7fd1d7fcf000-7fd1d7fd0000 r--p 000a0000 08:01 1456504                    /usr/lib/jvm/java-8-openjdk-amd64/jre/lib/amd64/libawt.so (deleted)
7fd1d7fd0000-7fd1d7fdb000 rw-p 000a1000 08:01 1456504                    /usr/lib/jvm/java-8-openjdk-amd64/jre/lib/amd64/libawt.so (deleted)
7fd1d7fdb000-7fd1d8000000 rw-p 00000000 00:00 0 
7fd1d8000000-7fd1d8253000 rw-p 00000000 00:00 0 
7fd1d8253000-7fd1dc000000 ---p 00000000 00:00 0 
7fd1dc000000-7fd1dc021000 rw-p 00000000 00:00 0 
7fd1dc021000-7fd1e0000000 ---p 00000000 00:00 0 
7fd1e0000000-7fd1e00e5000 rw-p 00000000 00:00 0 
7fd1e00e5000-7fd1e4000000 ---p 00000000 00:00 0 
7fd1e4000000-7fd1e40d9000 rw-p 00000000 00:00 0 
7fd1e40d9000-7fd1e8000000 ---p 00000000 00:00 0 
7fd1e8000000-7fd1e8021000 rw-p 00000000 00:00 0 
7fd1e8021000-7fd1ec000000 ---p 00000000 00:00 0 
7fd1ec000000-7fd1ec0dd000 rw-p 00000000 00:00 0 
7fd1ec0dd000-7fd1f0000000 ---p 00000000 00:00 0 
7fd1f0000000-7fd1f0021000 rw-p 00000000 00:00 0 
7fd1f0021000-7fd1f4000000 ---p 00000000 00:00 0 
7fd1f40e7000-7fd1f40ec000 r--s 0009a000 08:01 1456492                    /usr/lib/jvm/java-8-openjdk-amd64/jre/lib/jsse.jar (deleted)
7fd1f40ec000-7fd1f40f6000 r--s 000e8000 08:01 1717408                    /usr/share/java/mysql-connector-java-5.1.38.jar
7fd1f40f6000-7fd1f4109000 r--s 00346000 08:01 1456491                    /usr/lib/jvm/java-8-openjdk-amd64/jre/lib/resources.jar (deleted)
7fd1f4109000-7fd1f4124000 r--s 001d6000 08:01 1456481                    /usr/lib/jvm/java-8-openjdk-amd64/jre/lib/ext/nashorn.jar (deleted)
7fd1f4124000-7fd1f4125000 ---p 00000000 00:00 0 
7fd1f4125000-7fd1f4225000 rw-p 00000000 00:00 0 
7fd1f4225000-7fd1f4228000 ---p 00000000 00:00 0 
7fd1f4228000-7fd1f4326000 rw-p 00000000 00:00 0 
7fd1f4326000-7fd1f4329000 ---p 00000000 00:00 0 
7fd1f4329000-7fd1f4427000 rw-p 00000000 00:00 0 
7fd1f4427000-7fd1f442a000 ---p 00000000 00:00 0 
7fd1f442a000-7fd1f4528000 rw-p 00000000 00:00 0 
7fd1f4528000-7fd1f4800000 r--p 00000000 08:01 1315780                    /usr/lib/locale/locale-archive
7fd1f4800000-7fd1f5000000 rw-p 00000000 00:00 0 
7fd1f5000000-7fd1f5270000 rwxp 00000000 00:00 0 
7fd1f5270000-7fd204000000 ---p 00000000 00:00 0 
7fd204000000-7fd2041e8000 rw-p 00000000 00:00 0 
7fd2041e8000-7fd208000000 ---p 00000000 00:00 0 
7fd208001000-7fd208006000 r--s 00055000 08:01 1337729                    /home/kibahero2802/Desktop/opencv-3.2.0/build/bin/opencv-320.jar
7fd208006000-7fd208021000 r--s 00394000 08:01 1456484                    /usr/lib/jvm/java-8-openjdk-amd64/jre/lib/ext/cldrdata.jar (deleted)
7fd208021000-7fd208024000 ---p 00000000 00:00 0 
7fd208024000-7fd208122000 rw-p 00000000 00:00 0 
7fd208122000-7fd208125000 ---p 00000000 00:00 0 
7fd208125000-7fd208223000 rw-p 00000000 00:00 0 
7fd208223000-7fd208226000 ---p 00000000 00:00 0 
7fd208226000-7fd208324000 rw-p 00000000 00:00 0 
7fd208324000-7fd208325000 ---p 00000000 00:00 0 
7fd208325000-7fd208425000 rw-p 00000000 00:00 0 
7fd208425000-7fd2085f3000 r--s 03c13000 08:01 1456551                    /usr/lib/jvm/java-8-openjdk-amd64/jre/lib/rt.jar (deleted)
7fd2085f3000-7fd20867e000 rw-p 00000000 00:00 0 
7fd20867e000-7fd2087b2000 ---p 00000000 00:00 0 
7fd2087b2000-7fd2087bd000 rw-p 00000000 00:00 0 
7fd2087bd000-7fd208856000 ---p 00000000 00:00 0 
7fd208856000-7fd20886b000 rw-p 00000000 00:00 0 
7fd20886b000-7fd20899e000 ---p 00000000 00:00 0 
7fd20899e000-7fd2089a9000 rw-p 00000000 00:00 0 
7fd2089a9000-7fd208d5f000 ---p 00000000 00:00 0 
7fd208d5f000-7fd208d67000 r-xp 00000000 08:01 1456518                    /usr/lib/jvm/java-8-openjdk-amd64/jre/lib/amd64/libzip.so (deleted)
7fd208d67000-7fd208f66000 ---p 00008000 08:01 1456518                    /usr/lib/jvm/java-8-openjdk-amd64/jre/lib/amd64/libzip.so (deleted)
7fd208f66000-7fd208f67000 r--p 00007000 08:01 1456518                    /usr/lib/jvm/java-8-openjdk-amd64/jre/lib/amd64/libzip.so (deleted)
7fd208f67000-7fd208f68000 rw-p 00008000 08:01 1456518                    /usr/lib/jvm/java-8-openjdk-amd64/jre/lib/amd64/libzip.so (deleted)
7fd208f68000-7fd208f73000 r-xp 00000000 08:01 275095                     /lib/x86_64-linux-gnu/libnss_files-2.23.so
7fd208f73000-7fd209172000 ---p 0000b000 08:01 275095                     /lib/x86_64-linux-gnu/libnss_files-2.23.so
7fd209172000-7fd209173000 r--p 0000a000 08:01 275095                     /lib/x86_64-linux-gnu/libnss_files-2.23.so
7fd209173000-7fd209174000 rw-p 0000b000 08:01 275095                     /lib/x86_64-linux-gnu/libnss_files-2.23.so
7fd209174000-7fd20917a000 rw-p 00000000 00:00 0 
7fd20917a000-7fd209185000 r-xp 00000000 08:01 275098                     /lib/x86_64-linux-gnu/libnss_nis-2.23.so
7fd209185000-7fd209384000 ---p 0000b000 08:01 275098                     /lib/x86_64-linux-gnu/libnss_nis-2.23.so
7fd209384000-7fd209385000 r--p 0000a000 08:01 275098                     /lib/x86_64-linux-gnu/libnss_nis-2.23.so
7fd209385000-7fd209386000 rw-p 0000b000 08:01 275098                     /lib/x86_64-linux-gnu/libnss_nis-2.23.so
7fd209386000-7fd20939c000 r-xp 00000000 08:01 275091                     /lib/x86_64-linux-gnu/libnsl-2.23.so
7fd20939c000-7fd20959b000 ---p 00016000 08:01 275091                     /lib/x86_64-linux-gnu/libnsl-2.23.so
7fd20959b000-7fd20959c000 r--p 00015000 08:01 275091                     /lib/x86_64-linux-gnu/libnsl-2.23.so
7fd20959c000-7fd20959d000 rw-p 00016000 08:01 275091                     /lib/x86_64-linux-gnu/libnsl-2.23.so
7fd20959d000-7fd20959f000 rw-p 00000000 00:00 0 
7fd20959f000-7fd2095a7000 r-xp 00000000 08:01 275104                     /lib/x86_64-linux-gnu/libnss_compat-2.23.so
7fd2095a7000-7fd2097a6000 ---p 00008000 08:01 275104                     /lib/x86_64-linux-gnu/libnss_compat-2.23.so
7fd2097a6000-7fd2097a7000 r--p 00007000 08:01 275104                     /lib/x86_64-linux-gnu/libnss_compat-2.23.so
7fd2097a7000-7fd2097a8000 rw-p 00008000 08:01 275104                     /lib/x86_64-linux-gnu/libnss_compat-2.23.so
7fd2097a8000-7fd2097d5000 r-xp 00000000 08:01 1456536                    /usr/lib/jvm/java-8-openjdk-amd64/jre/lib/amd64/libjava.so (deleted)
7fd2097d5000-7fd2099d4000 ---p 0002d000 08:01 1456536                    /usr/lib/jvm/java-8-openjdk-amd64/jre/lib/amd64/libjava.so (deleted)
7fd2099d4000-7fd2099d5000 r--p 0002c000 08:01 1456536                    /usr/lib/jvm/java-8-openjdk-amd64/jre/lib/amd64/libjava.so (deleted)
7fd2099d5000-7fd2099d7000 rw-p 0002d000 08:01 1456536                    /usr/lib/jvm/java-8-openjdk-amd64/jre/lib/amd64/libjava.so (deleted)
7fd2099d7000-7fd2099e6000 r-xp 00000000 08:01 1456510                    /usr/lib/jvm/java-8-openjdk-amd64/jre/lib/amd64/libverify.so (deleted)
7fd2099e6000-7fd209be5000 ---p 0000f000 08:01 1456510                    /usr/lib/jvm/java-8-openjdk-amd64/jre/lib/amd64/libverify.so (deleted)
7fd209be5000-7fd209be7000 r--p 0000e000 08:01 1456510                    /usr/lib/jvm/java-8-openjdk-amd64/jre/lib/amd64/libverify.so (deleted)
7fd209be7000-7fd209be8000 rw-p 00010000 08:01 1456510                    /usr/lib/jvm/java-8-openjdk-amd64/jre/lib/amd64/libverify.so (deleted)
7fd209be8000-7fd209bef000 r-xp 00000000 08:01 275100                     /lib/x86_64-linux-gnu/librt-2.23.so
7fd209bef000-7fd209dee000 ---p 00007000 08:01 275100                     /lib/x86_64-linux-gnu/librt-2.23.so
7fd209dee000-7fd209def000 r--p 00006000 08:01 275100                     /lib/x86_64-linux-gnu/librt-2.23.so
7fd209def000-7fd209df0000 rw-p 00007000 08:01 275100                     /lib/x86_64-linux-gnu/librt-2.23.so
7fd209df0000-7fd209e06000 r-xp 00000000 08:01 267619                     /lib/x86_64-linux-gnu/libgcc_s.so.1
7fd209e06000-7fd20a005000 ---p 00016000 08:01 267619                     /lib/x86_64-linux-gnu/libgcc_s.so.1
7fd20a005000-7fd20a006000 rw-p 00015000 08:01 267619                     /lib/x86_64-linux-gnu/libgcc_s.so.1
7fd20a006000-7fd20a10e000 r-xp 00000000 08:01 275109                     /lib/x86_64-linux-gnu/libm-2.23.so
7fd20a10e000-7fd20a30d000 ---p 00108000 08:01 275109                     /lib/x86_64-linux-gnu/libm-2.23.so
7fd20a30d000-7fd20a30e000 r--p 00107000 08:01 275109                     /lib/x86_64-linux-gnu/libm-2.23.so
7fd20a30e000-7fd20a30f000 rw-p 00108000 08:01 275109                     /lib/x86_64-linux-gnu/libm-2.23.so
7fd20a30f000-7fd20a481000 r-xp 00000000 08:01 1322775                    /usr/lib/x86_64-linux-gnu/libstdc++.so.6.0.21
7fd20a481000-7fd20a681000 ---p 00172000 08:01 1322775                    /usr/lib/x86_64-linux-gnu/libstdc++.so.6.0.21
7fd20a681000-7fd20a68b000 r--p 00172000 08:01 1322775                    /usr/lib/x86_64-linux-gnu/libstdc++.so.6.0.21
7fd20a68b000-7fd20a68d000 rw-p 0017c000 08:01 1322775                    /usr/lib/x86_64-linux-gnu/libstdc++.so.6.0.21
7fd20a68d000-7fd20a691000 rw-p 00000000 00:00 0 
7fd20a691000-7fd20b2e5000 r-xp 00000000 08:01 1456520                    /usr/lib/jvm/java-8-openjdk-amd64/jre/lib/amd64/server/libjvm.so (deleted)
7fd20b2e5000-7fd20b4e5000 ---p 00c54000 08:01 1456520                    /usr/lib/jvm/java-8-openjdk-amd64/jre/lib/amd64/server/libjvm.so (deleted)
7fd20b4e5000-7fd20b578000 r--p 00c54000 08:01 1456520                    /usr/lib/jvm/java-8-openjdk-amd64/jre/lib/amd64/server/libjvm.so (deleted)
7fd20b578000-7fd20b5a1000 rw-p 00ce7000 08:01 1456520                    /usr/lib/jvm/java-8-openjdk-amd64/jre/lib/amd64/server/libjvm.so (deleted)
7fd20b5a1000-7fd20b5d1000 rw-p 00000000 00:00 0 
7fd20b5d1000-7fd20b5e9000 r-xp 00000000 08:01 275097                     /lib/x86_64-linux-gnu/libpthread-2.23.so
7fd20b5e9000-7fd20b7e8000 ---p 00018000 08:01 275097                     /lib/x86_64-linux-gnu/libpthread-2.23.so
7fd20b7e8000-7fd20b7e9000 r--p 00017000 08:01 275097                     /lib/x86_64-linux-gnu/libpthread-2.23.so
7fd20b7e9000-7fd20b7ea000 rw-p 00018000 08:01 275097                     /lib/x86_64-linux-gnu/libpthread-2.23.so
7fd20b7ea000-7fd20b7ee000 rw-p 00000000 00:00 0 
7fd20b7ee000-7fd20b7f1000 r-xp 00000000 08:01 275103                     /lib/x86_64-linux-gnu/libdl-2.23.so
7fd20b7f1000-7fd20b9f0000 ---p 00003000 08:01 275103                     /lib/x86_64-linux-gnu/libdl-2.23.so
7fd20b9f0000-7fd20b9f1000 r--p 00002000 08:01 275103                     /lib/x86_64-linux-gnu/libdl-2.23.so
7fd20b9f1000-7fd20b9f2000 rw-p 00003000 08:01 275103                     /lib/x86_64-linux-gnu/libdl-2.23.so
7fd20b9f2000-7fd20ba0b000 r-xp 00000000 08:01 267772                     /lib/x86_64-linux-gnu/libz.so.1.2.8
7fd20ba0b000-7fd20bc0a000 ---p 00019000 08:01 267772                     /lib/x86_64-linux-gnu/libz.so.1.2.8
7fd20bc0a000-7fd20bc0b000 r--p 00018000 08:01 267772                     /lib/x86_64-linux-gnu/libz.so.1.2.8
7fd20bc0b000-7fd20bc0c000 rw-p 00019000 08:01 267772                     /lib/x86_64-linux-gnu/libz.so.1.2.8
7fd20bc0c000-7fd20bdcc000 r-xp 00000000 08:01 275114                     /lib/x86_64-linux-gnu/libc-2.23.so
7fd20bdcc000-7fd20bfcc000 ---p 001c0000 08:01 275114                     /lib/x86_64-linux-gnu/libc-2.23.so
7fd20bfcc000-7fd20bfd0000 r--p 001c0000 08:01 275114                     /lib/x86_64-linux-gnu/libc-2.23.so
7fd20bfd0000-7fd20bfd2000 rw-p 001c4000 08:01 275114                     /lib/x86_64-linux-gnu/libc-2.23.so
7fd20bfd2000-7fd20bfd6000 rw-p 00000000 00:00 0 
7fd20bfd6000-7fd20bfe3000 r-xp 00000000 08:01 1456531                    /usr/lib/jvm/java-8-openjdk-amd64/jre/lib/amd64/jli/libjli.so (deleted)
7fd20bfe3000-7fd20c1e3000 ---p 0000d000 08:01 1456531                    /usr/lib/jvm/java-8-openjdk-amd64/jre/lib/amd64/jli/libjli.so (deleted)
7fd20c1e3000-7fd20c1e4000 r--p 0000d000 08:01 1456531                    /usr/lib/jvm/java-8-openjdk-amd64/jre/lib/amd64/jli/libjli.so (deleted)
7fd20c1e4000-7fd20c1e5000 rw-p 0000e000 08:01 1456531                    /usr/lib/jvm/java-8-openjdk-amd64/jre/lib/amd64/jli/libjli.so (deleted)
7fd20c1e5000-7fd20c20b000 r-xp 00000000 08:01 275092                     /lib/x86_64-linux-gnu/ld-2.23.so
7fd20c20b000-7fd20c20c000 r--s 0000a000 08:01 1456487                    /usr/lib/jvm/java-8-openjdk-amd64/jre/lib/ext/jaccess.jar (deleted)
7fd20c20c000-7fd20c211000 r--s 0003b000 08:01 1456485                    /usr/lib/jvm/java-8-openjdk-amd64/jre/lib/ext/sunjce_provider.jar (deleted)
7fd20c211000-7fd20c21b000 r--s 00116000 08:01 1456483                    /usr/lib/jvm/java-8-openjdk-amd64/jre/lib/ext/localedata.jar (deleted)
7fd20c21b000-7fd20c2ec000 rw-p 00000000 00:00 0 
7fd20c2ec000-7fd20c2ef000 ---p 00000000 00:00 0 
7fd20c2ef000-7fd20c3f2000 rw-p 00000000 00:00 0 
7fd20c3f2000-7fd20c3f5000 r--s 0000f000 08:01 1456480                    /usr/lib/jvm/java-8-openjdk-amd64/jre/lib/ext/icedtea-sound.jar (deleted)
7fd20c3f5000-7fd20c3f7000 r--s 00001000 08:01 1456489                    /usr/lib/jvm/java-8-openjdk-amd64/jre/lib/ext/dnsns.jar (deleted)
7fd20c3f7000-7fd20c3f9000 r--s 00008000 08:01 1456486                    /usr/lib/jvm/java-8-openjdk-amd64/jre/lib/ext/sunec.jar (deleted)
7fd20c3f9000-7fd20c3fd000 r--s 00037000 08:01 1456488                    /usr/lib/jvm/java-8-openjdk-amd64/jre/lib/ext/sunpkcs11.jar (deleted)
7fd20c3fd000-7fd20c3fe000 r--s 00010000 08:01 1456482                    /usr/lib/jvm/java-8-openjdk-amd64/jre/lib/ext/zipfs.jar (deleted)
7fd20c3fe000-7fd20c406000 rw-s 00000000 08:01 1576980                    /tmp/hsperfdata_kibahero2802/2993
7fd20c406000-7fd20c407000 rw-p 00000000 00:00 0 
7fd20c407000-7fd20c408000 r--p 00000000 00:00 0 
7fd20c408000-7fd20c40a000 rw-p 00000000 00:00 0 
7fd20c40a000-7fd20c40b000 r--p 00025000 08:01 275092                     /lib/x86_64-linux-gnu/ld-2.23.so
7fd20c40b000-7fd20c40c000 rw-p 00026000 08:01 275092                     /lib/x86_64-linux-gnu/ld-2.23.so
7fd20c40c000-7fd20c40d000 rw-p 00000000 00:00 0 
7ffeeb4a6000-7ffeeb4c7000 rw-p 00000000 00:00 0                          [stack]
7ffeeb5e3000-7ffeeb5e5000 r--p 00000000 00:00 0                          [vvar]
7ffeeb5e5000-7ffeeb5e7000 r-xp 00000000 00:00 0                          [vdso]
ffffffffff600000-ffffffffff601000 r-xp 00000000 00:00 0                  [vsyscall]

VM Arguments:
jvm_args: -Djava.library.path=/home/kibahero2802/Desktop/opencv-3.2.0/build/lib -Dfile.encoding=UTF-8 
java_command: com.techdog.GUI.MainForm
java_class_path (initial): /home/kibahero2802/TechDogProject/target/classes:/home/kibahero2802/Desktop/opencv-3.2.0/build/bin/opencv-320.jar:/usr/share/java/mysql-connector-java.jar
Launcher Type: SUN_STANDARD

Environment Variables:
PATH=/home/kibahero2802/bin:/home/kibahero2802/.local/bin:/usr/local/sbin:/usr/local/bin:/usr/sbin:/usr/bin:/sbin:/bin:/usr/games:/usr/local/games:/snap/bin
SHELL=/bin/bash
DISPLAY=:0

Signal Handlers:
SIGSEGV: [libjvm.so+0xa6ad10], sa_mask[0]=11111111011111111101111111111110, sa_flags=SA_RESTART|SA_SIGINFO
SIGBUS: [libjvm.so+0xa6ad10], sa_mask[0]=11111111011111111101111111111110, sa_flags=SA_RESTART|SA_SIGINFO
SIGFPE: [libjvm.so+0x8b3bc0], sa_mask[0]=11111111011111111101111111111110, sa_flags=SA_RESTART|SA_SIGINFO
SIGPIPE: [libjvm.so+0x8b3bc0], sa_mask[0]=11111111011111111101111111111110, sa_flags=SA_RESTART|SA_SIGINFO
SIGXFSZ: [libjvm.so+0x8b3bc0], sa_mask[0]=11111111011111111101111111111110, sa_flags=SA_RESTART|SA_SIGINFO
SIGILL: [libjvm.so+0x8b3bc0], sa_mask[0]=11111111011111111101111111111110, sa_flags=SA_RESTART|SA_SIGINFO
SIGUSR1: SIG_DFL, sa_mask[0]=00000000000000000000000000000000, sa_flags=none
SIGUSR2: [libjvm.so+0x8b3a70], sa_mask[0]=00100000000000000000000000000000, sa_flags=SA_RESTART|SA_SIGINFO
SIGHUP: [libjvm.so+0x8b3f40], sa_mask[0]=11111111011111111101111111111110, sa_flags=SA_RESTART|SA_SIGINFO
SIGINT: [libjvm.so+0x8b3f40], sa_mask[0]=11111111011111111101111111111110, sa_flags=SA_RESTART|SA_SIGINFO
SIGTERM: [libjvm.so+0x8b3f40], sa_mask[0]=11111111011111111101111111111110, sa_flags=SA_RESTART|SA_SIGINFO
SIGQUIT: [libjvm.so+0x8b3f40], sa_mask[0]=11111111011111111101111111111110, sa_flags=SA_RESTART|SA_SIGINFO


---------------  S Y S T E M  ---------------

OS:DISTRIB_ID=Ubuntu
DISTRIB_RELEASE=16.04
DISTRIB_CODENAME=xenial
DISTRIB_DESCRIPTION="Ubuntu 16.04.2 LTS"

uname:Linux 4.10.0-28-generic #32~16.04.2-Ubuntu SMP Thu Jul 20 10:19:48 UTC 2017 x86_64
libc:glibc 2.23 NPTL 2.23 
rlimit: STACK 8192k, CORE 0k, NPROC 15550, NOFILE 65536, AS infinity
load average:3.68 0.90 0.57

/proc/meminfo:
MemTotal:        4025424 kB
MemFree:         1812184 kB
MemAvailable:    2932492 kB
Buffers:           66888 kB
Cached:          1227836 kB
SwapCached:            0 kB
Active:          1428176 kB
Inactive:         566936 kB
Active(anon):     684024 kB
Inactive(anon):    24424 kB
Active(file):     744152 kB
Inactive(file):   542512 kB
Unevictable:          32 kB
Mlocked:              32 kB
SwapTotal:       1046524 kB
SwapFree:        1046524 kB
Dirty:               140 kB
Writeback:             0 kB
AnonPages:        694864 kB
Mapped:           130628 kB
Shmem:              8080 kB
Slab:             118016 kB
SReclaimable:      77268 kB
SUnreclaim:        40748 kB
KernelStack:        6224 kB
PageTables:         9288 kB
NFS_Unstable:          0 kB
Bounce:                0 kB
WritebackTmp:          0 kB
CommitLimit:     3059236 kB
Committed_AS:    2031632 kB
VmallocTotal:   34359738367 kB
VmallocUsed:           0 kB
VmallocChunk:          0 kB
HardwareCorrupted:     0 kB
AnonHugePages:    446464 kB
ShmemHugePages:        0 kB
ShmemPmdMapped:        0 kB
CmaTotal:              0 kB
CmaFree:               0 kB
HugePages_Total:       0
HugePages_Free:        0
HugePages_Rsvd:        0
HugePages_Surp:        0
Hugepagesize:       2048 kB
DirectMap4k:       77632 kB
DirectMap2M:     3067904 kB
DirectMap1G:     3145728 kB


CPU:total 1 (initial active 1) (1 cores per cpu, 1 threads per core) family 6 model 60 stepping 3, cmov, cx8, fxsr, mmx, sse, sse2, sse3, ssse3, sse4.1, sse4.2, popcnt, avx, avx2, aes, clmul, erms, lzcnt, tsc, tscinvbit, bmi1, bmi2

/proc/cpuinfo:
processor	: 0
vendor_id	: GenuineIntel
cpu family	: 6
model		: 60
model name	: Intel(R) Core(TM) i7-4712MQ CPU @ 2.30GHz
stepping	: 3
microcode	: 0x1e
cpu MHz		: 2301.000
cache size	: 6144 KB
physical id	: 0
siblings	: 1
core id		: 0
cpu cores	: 1
apicid		: 0
initial apicid	: 0
fpu		: yes
fpu_exception	: yes
cpuid level	: 13
wp		: yes
flags		: fpu vme de pse tsc msr pae mce cx8 apic sep mtrr pge mca cmov pat pse36 clflush dts mmx fxsr sse sse2 ss syscall nx pdpe1gb rdtscp lm constant_tsc arch_perfmon pebs bts nopl xtopology tsc_reliable nonstop_tsc aperfmperf pni pclmulqdq ssse3 fma cx16 pcid sse4_1 sse4_2 x2apic movbe popcnt tsc_deadline_timer aes xsave avx f16c rdrand hypervisor lahf_lm abm epb fsgsbase tsc_adjust bmi1 avx2 smep bmi2 invpcid xsaveopt dtherm ida arat pln pts
bugs		:
bogomips	: 4602.00
clflush size	: 64
cache_alignment	: 64
address sizes	: 42 bits physical, 48 bits virtual
power management:



Memory: 4k page, physical 4025424k(1812184k free), swap 1046524k(1046524k free)

vm_info: OpenJDK 64-Bit Server VM (25.131-b11) for linux-amd64 JRE (1.8.0_131-8u131-b11-2ubuntu1.16.04.2-b11), built on Jul 22 2017 00:56:41 by "buildd" with gcc 5.4.0 20160609

time: Wed Aug  2 16:14:41 2017
elapsed time: 1419 seconds (0d 0h 23m 39s)

